{
  "stats": {
    "suites": 1,
    "tests": 1,
    "passes": 1,
    "pending": 0,
    "failures": 0,
    "start": "2024-11-12T19:31:39.802Z",
    "end": "2024-11-12T19:31:42.724Z",
    "duration": 2922,
    "testsRegistered": 1,
    "passPercent": 100,
    "pendingPercent": 0,
    "other": 0,
    "hasOther": false,
    "skipped": 0,
    "hasSkipped": false
  },
  "results": [
    {
      "uuid": "53975247-f091-4297-be2c-ce342e037d8f",
      "title": "",
      "fullFile": "cypress\\e2e\\carrinho.cy.js",
      "file": "cypress\\e2e\\carrinho.cy.js",
      "beforeHooks": [],
      "afterHooks": [],
      "tests": [],
      "suites": [
        {
          "uuid": "1ddfd9ba-d6f2-4103-bf76-b8cb5a7f4f10",
          "title": "Adicionar item ao carrinho",
          "fullFile": "",
          "file": "",
          "beforeHooks": [],
          "afterHooks": [],
          "tests": [
            {
              "title": "Deve sinalizar quando não houver o produto disponível na loja",
              "fullTitle": "Adicionar item ao carrinho Deve sinalizar quando não houver o produto disponível na loja",
              "timedOut": null,
              "duration": 2885,
              "state": "passed",
              "speed": "fast",
              "pass": true,
              "fail": false,
              "pending": false,
              "context": null,
              "code": "_produtos.default.buscarProduto('camiseta');\ncy.get('.woocommerce-info').should('contain', 'Nenhum produto foi encontrado para a sua seleção.');",
              "err": {},
              "uuid": "0c99e545-32fd-48b8-954f-fbf57c3eb371",
              "parentUUID": "1ddfd9ba-d6f2-4103-bf76-b8cb5a7f4f10",
              "isHook": false,
              "skipped": false
            }
          ],
          "suites": [],
          "passes": [
            "0c99e545-32fd-48b8-954f-fbf57c3eb371"
          ],
          "failures": [],
          "pending": [],
          "skipped": [],
          "duration": 2885,
          "root": false,
          "rootEmpty": false,
          "_timeout": 2000
        }
      ],
      "passes": [],
      "failures": [],
      "pending": [],
      "skipped": [],
      "duration": 0,
      "root": true,
      "rootEmpty": true,
      "_timeout": 2000
    }
  ],
  "meta": {
    "mocha": {
      "version": "7.0.1"
    },
    "mochawesome": {
      "options": {
        "quiet": false,
        "reportFilename": "[name]-result",
        "saveHtml": false,
        "saveJson": true,
        "consoleReporter": "spec",
        "useInlineDiffs": false,
        "code": true
      },
      "version": "7.1.3"
    },
    "marge": {
      "options": {
        "reportFilename": "[name]-result",
        "html": false
      },
      "version": "6.2.0"
    }
  }
}